{"E:\\mudik\\node js\\movie_rental\\index.js": {"path":"E:\\mudik\\node js\\movie_rental\\index.js","statementMap":{"0":{"start":{"line":1,"column":16},"end":{"line":1,"column":34}},"1":{"start":{"line":2,"column":12},"end":{"line":2,"column":21}},"2":{"start":{"line":5,"column":0},"end":{"line":5,"column":31}},"3":{"start":{"line":6,"column":0},"end":{"line":6,"column":30}},"4":{"start":{"line":7,"column":0},"end":{"line":7,"column":26}},"5":{"start":{"line":8,"column":0},"end":{"line":8,"column":33}},"6":{"start":{"line":10,"column":0},"end":{"line":12,"column":1}},"7":{"start":{"line":11,"column":2},"end":{"line":11,"column":33}},"8":{"start":{"line":14,"column":0},"end":{"line":14,"column":21}}},"fnMap":{},"branchMap":{"0":{"loc":{"start":{"line":10,"column":0},"end":{"line":12,"column":1}},"type":"if","locations":[{"start":{"line":10,"column":0},"end":{"line":12,"column":1}},{"start":{},"end":{}}],"line":10}},"s":{"0":7,"1":7,"2":7,"3":7,"4":7,"5":7,"6":7,"7":0,"8":7},"f":{},"b":{"0":[0,7]},"_coverageSchema":"1a1c01bbd47fc00a2c39e90264f33305004495a9","hash":"8aabea4e808d32dee59d9fe4a240ab1a78637dd3"}
,"E:\\mudik\\node js\\movie_rental\\middleware\\admin.js": {"path":"E:\\mudik\\node js\\movie_rental\\middleware\\admin.js","statementMap":{"0":{"start":{"line":1,"column":0},"end":{"line":12,"column":2}},"1":{"start":{"line":2,"column":2},"end":{"line":11,"column":3}},"2":{"start":{"line":3,"column":4},"end":{"line":8,"column":5}},"3":{"start":{"line":4,"column":6},"end":{"line":4,"column":59}},"4":{"start":{"line":5,"column":6},"end":{"line":5,"column":13}},"5":{"start":{"line":7,"column":6},"end":{"line":7,"column":13}},"6":{"start":{"line":10,"column":4},"end":{"line":10,"column":47}}},"fnMap":{"0":{"name":"(anonymous_0)","decl":{"start":{"line":1,"column":17},"end":{"line":1,"column":18}},"loc":{"start":{"line":1,"column":43},"end":{"line":12,"column":1}},"line":1}},"branchMap":{"0":{"loc":{"start":{"line":3,"column":4},"end":{"line":8,"column":5}},"type":"if","locations":[{"start":{"line":3,"column":4},"end":{"line":8,"column":5}},{"start":{"line":6,"column":11},"end":{"line":8,"column":5}}],"line":3}},"s":{"0":7,"1":13,"2":13,"3":4,"4":4,"5":9,"6":0},"f":{"0":13},"b":{"0":[4,9]},"_coverageSchema":"1a1c01bbd47fc00a2c39e90264f33305004495a9","hash":"ebf5f4a88cbc0e936d41beb5ff68a9992e988289"}
,"E:\\mudik\\node js\\movie_rental\\middleware\\auth.js": {"path":"E:\\mudik\\node js\\movie_rental\\middleware\\auth.js","statementMap":{"0":{"start":{"line":1,"column":12},"end":{"line":1,"column":35}},"1":{"start":{"line":2,"column":15},"end":{"line":2,"column":32}},"2":{"start":{"line":4,"column":0},"end":{"line":16,"column":2}},"3":{"start":{"line":5,"column":16},"end":{"line":5,"column":42}},"4":{"start":{"line":6,"column":2},"end":{"line":8,"column":3}},"5":{"start":{"line":7,"column":4},"end":{"line":7,"column":49}},"6":{"start":{"line":9,"column":2},"end":{"line":15,"column":3}},"7":{"start":{"line":10,"column":20},"end":{"line":10,"column":66}},"8":{"start":{"line":11,"column":4},"end":{"line":11,"column":23}},"9":{"start":{"line":12,"column":4},"end":{"line":12,"column":11}},"10":{"start":{"line":14,"column":4},"end":{"line":14,"column":56}}},"fnMap":{"0":{"name":"(anonymous_0)","decl":{"start":{"line":4,"column":17},"end":{"line":4,"column":18}},"loc":{"start":{"line":4,"column":43},"end":{"line":16,"column":1}},"line":4}},"branchMap":{"0":{"loc":{"start":{"line":6,"column":2},"end":{"line":8,"column":3}},"type":"if","locations":[{"start":{"line":6,"column":2},"end":{"line":8,"column":3}},{"start":{},"end":{}}],"line":6}},"s":{"0":7,"1":7,"2":7,"3":77,"4":77,"5":9,"6":68,"7":68,"8":64,"9":64,"10":4},"f":{"0":77},"b":{"0":[9,68]},"_coverageSchema":"1a1c01bbd47fc00a2c39e90264f33305004495a9","hash":"af762bfddc8b08fd0818d0d40854d85ec9ec6845"}
,"E:\\mudik\\node js\\movie_rental\\middleware\\error.js": {"path":"E:\\mudik\\node js\\movie_rental\\middleware\\error.js","statementMap":{"0":{"start":{"line":1,"column":16},"end":{"line":1,"column":34}},"1":{"start":{"line":3,"column":0},"end":{"line":8,"column":2}},"2":{"start":{"line":4,"column":2},"end":{"line":7,"column":3}},"3":{"start":{"line":5,"column":4},"end":{"line":5,"column":33}},"4":{"start":{"line":6,"column":4},"end":{"line":6,"column":74}}},"fnMap":{"0":{"name":"(anonymous_0)","decl":{"start":{"line":3,"column":17},"end":{"line":3,"column":18}},"loc":{"start":{"line":3,"column":50},"end":{"line":8,"column":1}},"line":3}},"branchMap":{"0":{"loc":{"start":{"line":4,"column":2},"end":{"line":7,"column":3}},"type":"if","locations":[{"start":{"line":4,"column":2},"end":{"line":7,"column":3}},{"start":{},"end":{}}],"line":4}},"s":{"0":7,"1":7,"2":5,"3":5,"4":5},"f":{"0":5},"b":{"0":[5,0]},"_coverageSchema":"1a1c01bbd47fc00a2c39e90264f33305004495a9","hash":"67964c0cf3118e4e7bcefdde044c3f4ef40d0a6d"}
,"E:\\mudik\\node js\\movie_rental\\middleware\\validateObjId.js": {"path":"E:\\mudik\\node js\\movie_rental\\middleware\\validateObjId.js","statementMap":{"0":{"start":{"line":1,"column":17},"end":{"line":1,"column":36}},"1":{"start":{"line":2,"column":0},"end":{"line":13,"column":2}},"2":{"start":{"line":3,"column":2},"end":{"line":12,"column":3}},"3":{"start":{"line":4,"column":20},"end":{"line":4,"column":66}},"4":{"start":{"line":5,"column":4},"end":{"line":7,"column":5}},"5":{"start":{"line":6,"column":6},"end":{"line":6,"column":54}},"6":{"start":{"line":8,"column":4},"end":{"line":8,"column":11}},"7":{"start":{"line":10,"column":4},"end":{"line":10,"column":28}},"8":{"start":{"line":11,"column":4},"end":{"line":11,"column":31}}},"fnMap":{"0":{"name":"(anonymous_0)","decl":{"start":{"line":2,"column":17},"end":{"line":2,"column":18}},"loc":{"start":{"line":2,"column":43},"end":{"line":13,"column":1}},"line":2}},"branchMap":{"0":{"loc":{"start":{"line":5,"column":4},"end":{"line":7,"column":5}},"type":"if","locations":[{"start":{"line":5,"column":4},"end":{"line":7,"column":5}},{"start":{},"end":{}}],"line":5}},"s":{"0":7,"1":7,"2":66,"3":66,"4":66,"5":18,"6":48,"7":0,"8":0},"f":{"0":66},"b":{"0":[18,48]},"_coverageSchema":"1a1c01bbd47fc00a2c39e90264f33305004495a9","hash":"3d66e3f6460ad5eeda0db7cf67bbf7070ef90461"}
,"E:\\mudik\\node js\\movie_rental\\model\\customerModel.js": {"path":"E:\\mudik\\node js\\movie_rental\\model\\customerModel.js","statementMap":{"0":{"start":{"line":1,"column":17},"end":{"line":1,"column":36}},"1":{"start":{"line":2,"column":12},"end":{"line":2,"column":26}},"2":{"start":{"line":4,"column":23},"end":{"line":21,"column":2}},"3":{"start":{"line":22,"column":17},"end":{"line":22,"column":60}},"4":{"start":{"line":25,"column":17},"end":{"line":29,"column":4}},"5":{"start":{"line":30,"column":2},"end":{"line":30,"column":35}},"6":{"start":{"line":33,"column":0},"end":{"line":33,"column":35}},"7":{"start":{"line":34,"column":0},"end":{"line":34,"column":51}}},"fnMap":{"0":{"name":"validateCustomer","decl":{"start":{"line":24,"column":9},"end":{"line":24,"column":25}},"loc":{"start":{"line":24,"column":36},"end":{"line":31,"column":1}},"line":24}},"branchMap":{},"s":{"0":7,"1":7,"2":7,"3":7,"4":14,"5":14,"6":7,"7":7},"f":{"0":14},"b":{},"_coverageSchema":"1a1c01bbd47fc00a2c39e90264f33305004495a9","hash":"0ba59753e03f8e81249a007192399e6a516392c1"}
,"E:\\mudik\\node js\\movie_rental\\model\\genreModel.js": {"path":"E:\\mudik\\node js\\movie_rental\\model\\genreModel.js","statementMap":{"0":{"start":{"line":1,"column":17},"end":{"line":1,"column":36}},"1":{"start":{"line":2,"column":12},"end":{"line":2,"column":26}},"2":{"start":{"line":3,"column":20},"end":{"line":10,"column":2}},"3":{"start":{"line":11,"column":14},"end":{"line":11,"column":51}},"4":{"start":{"line":14,"column":17},"end":{"line":16,"column":4}},"5":{"start":{"line":17,"column":2},"end":{"line":17,"column":32}},"6":{"start":{"line":20,"column":0},"end":{"line":20,"column":29}},"7":{"start":{"line":21,"column":0},"end":{"line":21,"column":45}},"8":{"start":{"line":22,"column":0},"end":{"line":22,"column":41}}},"fnMap":{"0":{"name":"validateGenre","decl":{"start":{"line":13,"column":9},"end":{"line":13,"column":22}},"loc":{"start":{"line":13,"column":30},"end":{"line":18,"column":1}},"line":13}},"branchMap":{},"s":{"0":7,"1":7,"2":7,"3":7,"4":11,"5":11,"6":7,"7":7,"8":7},"f":{"0":11},"b":{},"_coverageSchema":"1a1c01bbd47fc00a2c39e90264f33305004495a9","hash":"90f889c2527714f44a8a88fa8d349868ed7ed456"}
,"E:\\mudik\\node js\\movie_rental\\model\\moviesModel.js": {"path":"E:\\mudik\\node js\\movie_rental\\model\\moviesModel.js","statementMap":{"0":{"start":{"line":1,"column":17},"end":{"line":1,"column":36}},"1":{"start":{"line":2,"column":12},"end":{"line":2,"column":26}},"2":{"start":{"line":3,"column":0},"end":{"line":3,"column":44}},"3":{"start":{"line":4,"column":24},"end":{"line":4,"column":47}},"4":{"start":{"line":6,"column":20},"end":{"line":29,"column":2}},"5":{"start":{"line":30,"column":14},"end":{"line":30,"column":51}},"6":{"start":{"line":33,"column":17},"end":{"line":38,"column":4}},"7":{"start":{"line":39,"column":2},"end":{"line":39,"column":32}},"8":{"start":{"line":42,"column":0},"end":{"line":42,"column":29}},"9":{"start":{"line":43,"column":0},"end":{"line":43,"column":45}}},"fnMap":{"0":{"name":"validateMovie","decl":{"start":{"line":32,"column":9},"end":{"line":32,"column":22}},"loc":{"start":{"line":32,"column":30},"end":{"line":40,"column":1}},"line":32}},"branchMap":{},"s":{"0":7,"1":7,"2":7,"3":7,"4":7,"5":7,"6":16,"7":16,"8":7,"9":7},"f":{"0":16},"b":{},"_coverageSchema":"1a1c01bbd47fc00a2c39e90264f33305004495a9","hash":"b2373f574b991df5ee59e6626419360e7c0337d5"}
,"E:\\mudik\\node js\\movie_rental\\model\\rentalModel.js": {"path":"E:\\mudik\\node js\\movie_rental\\model\\rentalModel.js","statementMap":{"0":{"start":{"line":1,"column":17},"end":{"line":1,"column":36}},"1":{"start":{"line":2,"column":12},"end":{"line":2,"column":26}},"2":{"start":{"line":4,"column":0},"end":{"line":4,"column":44}},"3":{"start":{"line":6,"column":21},"end":{"line":52,"column":2}},"4":{"start":{"line":53,"column":16},"end":{"line":53,"column":55}},"5":{"start":{"line":56,"column":17},"end":{"line":59,"column":4}},"6":{"start":{"line":60,"column":2},"end":{"line":60,"column":33}},"7":{"start":{"line":63,"column":0},"end":{"line":63,"column":33}},"8":{"start":{"line":64,"column":0},"end":{"line":64,"column":49}}},"fnMap":{"0":{"name":"validateRentals","decl":{"start":{"line":55,"column":9},"end":{"line":55,"column":24}},"loc":{"start":{"line":55,"column":33},"end":{"line":61,"column":1}},"line":55}},"branchMap":{},"s":{"0":7,"1":7,"2":7,"3":7,"4":7,"5":6,"6":6,"7":7,"8":7},"f":{"0":6},"b":{},"_coverageSchema":"1a1c01bbd47fc00a2c39e90264f33305004495a9","hash":"d5628034f8750581889ce296b4a582297d98c991"}
,"E:\\mudik\\node js\\movie_rental\\model\\userModel.js": {"path":"E:\\mudik\\node js\\movie_rental\\model\\userModel.js","statementMap":{"0":{"start":{"line":1,"column":17},"end":{"line":1,"column":36}},"1":{"start":{"line":2,"column":12},"end":{"line":2,"column":26}},"2":{"start":{"line":3,"column":27},"end":{"line":3,"column":61}},"3":{"start":{"line":4,"column":12},"end":{"line":4,"column":35}},"4":{"start":{"line":5,"column":15},"end":{"line":5,"column":32}},"5":{"start":{"line":7,"column":19},"end":{"line":31,"column":2}},"6":{"start":{"line":32,"column":0},"end":{"line":41,"column":2}},"7":{"start":{"line":33,"column":2},"end":{"line":40,"column":4}},"8":{"start":{"line":42,"column":13},"end":{"line":42,"column":51}},"9":{"start":{"line":45,"column":17},"end":{"line":62,"column":4}},"10":{"start":{"line":63,"column":2},"end":{"line":63,"column":31}},"11":{"start":{"line":66,"column":0},"end":{"line":66,"column":39}},"12":{"start":{"line":67,"column":0},"end":{"line":67,"column":27}},"13":{"start":{"line":68,"column":0},"end":{"line":68,"column":43}},"14":{"start":{"line":69,"column":0},"end":{"line":69,"column":62}}},"fnMap":{"0":{"name":"(anonymous_0)","decl":{"start":{"line":32,"column":34},"end":{"line":32,"column":35}},"loc":{"start":{"line":32,"column":46},"end":{"line":41,"column":1}},"line":32},"1":{"name":"validateUser","decl":{"start":{"line":44,"column":9},"end":{"line":44,"column":21}},"loc":{"start":{"line":44,"column":28},"end":{"line":64,"column":1}},"line":44}},"branchMap":{},"s":{"0":8,"1":8,"2":8,"3":8,"4":8,"5":8,"6":8,"7":63,"8":8,"9":12,"10":12,"11":8,"12":8,"13":8,"14":8},"f":{"0":63,"1":12},"b":{},"_coverageSchema":"1a1c01bbd47fc00a2c39e90264f33305004495a9","hash":"b4d645e65df5bc26a0574532d3d3afa1e1e2f044"}
,"E:\\mudik\\node js\\movie_rental\\routes\\customerRoutes.js": {"path":"E:\\mudik\\node js\\movie_rental\\routes\\customerRoutes.js","statementMap":{"0":{"start":{"line":1,"column":15},"end":{"line":1,"column":42}},"1":{"start":{"line":3,"column":13},"end":{"line":3,"column":42}},"2":{"start":{"line":4,"column":14},"end":{"line":4,"column":44}},"3":{"start":{"line":5,"column":17},"end":{"line":5,"column":55}},"4":{"start":{"line":7,"column":39},"end":{"line":7,"column":72}},"5":{"start":{"line":9,"column":0},"end":{"line":15,"column":3}},"6":{"start":{"line":10,"column":20},"end":{"line":10,"column":43}},"7":{"start":{"line":11,"column":2},"end":{"line":13,"column":3}},"8":{"start":{"line":12,"column":4},"end":{"line":12,"column":48}},"9":{"start":{"line":14,"column":2},"end":{"line":14,"column":34}},"10":{"start":{"line":17,"column":0},"end":{"line":21,"column":3}},"11":{"start":{"line":18,"column":19},"end":{"line":18,"column":57}},"12":{"start":{"line":19,"column":2},"end":{"line":19,"column":67}},"13":{"start":{"line":19,"column":17},"end":{"line":19,"column":67}},"14":{"start":{"line":20,"column":2},"end":{"line":20,"column":33}},"15":{"start":{"line":23,"column":0},"end":{"line":41,"column":3}},"16":{"start":{"line":24,"column":20},"end":{"line":28,"column":4}},"17":{"start":{"line":30,"column":27},"end":{"line":30,"column":74}},"18":{"start":{"line":31,"column":2},"end":{"line":33,"column":3}},"19":{"start":{"line":32,"column":4},"end":{"line":32,"column":58}},"20":{"start":{"line":34,"column":20},"end":{"line":34,"column":46}},"21":{"start":{"line":35,"column":2},"end":{"line":40,"column":3}},"22":{"start":{"line":36,"column":4},"end":{"line":36,"column":58}},"23":{"start":{"line":38,"column":4},"end":{"line":38,"column":27}},"24":{"start":{"line":39,"column":4},"end":{"line":39,"column":36}},"25":{"start":{"line":42,"column":0},"end":{"line":64,"column":3}},"26":{"start":{"line":43,"column":20},"end":{"line":43,"column":46}},"27":{"start":{"line":44,"column":2},"end":{"line":63,"column":3}},"28":{"start":{"line":45,"column":4},"end":{"line":45,"column":58}},"29":{"start":{"line":47,"column":22},"end":{"line":57,"column":5}},"30":{"start":{"line":58,"column":4},"end":{"line":62,"column":5}},"31":{"start":{"line":59,"column":6},"end":{"line":59,"column":26}},"32":{"start":{"line":61,"column":6},"end":{"line":61,"column":50}},"33":{"start":{"line":66,"column":0},"end":{"line":73,"column":3}},"34":{"start":{"line":67,"column":20},"end":{"line":67,"column":76}},"35":{"start":{"line":68,"column":2},"end":{"line":72,"column":3}},"36":{"start":{"line":69,"column":4},"end":{"line":69,"column":24}},"37":{"start":{"line":71,"column":4},"end":{"line":71,"column":59}},"38":{"start":{"line":74,"column":0},"end":{"line":74,"column":24}}},"fnMap":{"0":{"name":"(anonymous_0)","decl":{"start":{"line":9,"column":16},"end":{"line":9,"column":17}},"loc":{"start":{"line":9,"column":36},"end":{"line":15,"column":1}},"line":9},"1":{"name":"(anonymous_1)","decl":{"start":{"line":17,"column":29},"end":{"line":17,"column":30}},"loc":{"start":{"line":17,"column":49},"end":{"line":21,"column":1}},"line":17},"2":{"name":"(anonymous_2)","decl":{"start":{"line":23,"column":23},"end":{"line":23,"column":24}},"loc":{"start":{"line":23,"column":43},"end":{"line":41,"column":1}},"line":23},"3":{"name":"(anonymous_3)","decl":{"start":{"line":42,"column":35},"end":{"line":42,"column":36}},"loc":{"start":{"line":42,"column":55},"end":{"line":64,"column":1}},"line":42},"4":{"name":"(anonymous_4)","decl":{"start":{"line":66,"column":45},"end":{"line":66,"column":46}},"loc":{"start":{"line":66,"column":65},"end":{"line":73,"column":1}},"line":66}},"branchMap":{"0":{"loc":{"start":{"line":11,"column":2},"end":{"line":13,"column":3}},"type":"if","locations":[{"start":{"line":11,"column":2},"end":{"line":13,"column":3}},{"start":{},"end":{}}],"line":11},"1":{"loc":{"start":{"line":11,"column":6},"end":{"line":11,"column":41}},"type":"binary-expr","locations":[{"start":{"line":11,"column":6},"end":{"line":11,"column":15}},{"start":{"line":11,"column":19},"end":{"line":11,"column":41}}],"line":11},"2":{"loc":{"start":{"line":19,"column":2},"end":{"line":19,"column":67}},"type":"if","locations":[{"start":{"line":19,"column":2},"end":{"line":19,"column":67}},{"start":{},"end":{}}],"line":19},"3":{"loc":{"start":{"line":31,"column":2},"end":{"line":33,"column":3}},"type":"if","locations":[{"start":{"line":31,"column":2},"end":{"line":33,"column":3}},{"start":{},"end":{}}],"line":31},"4":{"loc":{"start":{"line":35,"column":2},"end":{"line":40,"column":3}},"type":"if","locations":[{"start":{"line":35,"column":2},"end":{"line":40,"column":3}},{"start":{"line":37,"column":9},"end":{"line":40,"column":3}}],"line":35},"5":{"loc":{"start":{"line":44,"column":2},"end":{"line":63,"column":3}},"type":"if","locations":[{"start":{"line":44,"column":2},"end":{"line":63,"column":3}},{"start":{"line":46,"column":9},"end":{"line":63,"column":3}}],"line":44},"6":{"loc":{"start":{"line":58,"column":4},"end":{"line":62,"column":5}},"type":"if","locations":[{"start":{"line":58,"column":4},"end":{"line":62,"column":5}},{"start":{"line":60,"column":11},"end":{"line":62,"column":5}}],"line":58},"7":{"loc":{"start":{"line":68,"column":2},"end":{"line":72,"column":3}},"type":"if","locations":[{"start":{"line":68,"column":2},"end":{"line":72,"column":3}},{"start":{"line":70,"column":9},"end":{"line":72,"column":3}}],"line":68}},"s":{"0":7,"1":7,"2":7,"3":7,"4":7,"5":7,"6":2,"7":2,"8":1,"9":2,"10":7,"11":2,"12":2,"13":1,"14":1,"15":7,"16":6,"17":6,"18":6,"19":0,"20":6,"21":6,"22":4,"23":2,"24":2,"25":7,"26":8,"27":8,"28":4,"29":4,"30":4,"31":2,"32":2,"33":7,"34":3,"35":3,"36":2,"37":1,"38":7},"f":{"0":2,"1":2,"2":6,"3":8,"4":3},"b":{"0":[1,1],"1":[2,2],"2":[1,1],"3":[0,6],"4":[4,2],"5":[4,4],"6":[2,2],"7":[2,1]},"_coverageSchema":"1a1c01bbd47fc00a2c39e90264f33305004495a9","hash":"82b0dc9fe88582ba3728e17bb00d3f3cf2ee4820"}
,"E:\\mudik\\node js\\movie_rental\\routes\\genreRoutes.js": {"path":"E:\\mudik\\node js\\movie_rental\\routes\\genreRoutes.js","statementMap":{"0":{"start":{"line":1,"column":15},"end":{"line":1,"column":42}},"1":{"start":{"line":3,"column":13},"end":{"line":3,"column":42}},"2":{"start":{"line":4,"column":14},"end":{"line":4,"column":44}},"3":{"start":{"line":5,"column":17},"end":{"line":5,"column":55}},"4":{"start":{"line":7,"column":33},"end":{"line":7,"column":63}},"5":{"start":{"line":9,"column":0},"end":{"line":15,"column":3}},"6":{"start":{"line":10,"column":17},"end":{"line":10,"column":37}},"7":{"start":{"line":11,"column":2},"end":{"line":13,"column":3}},"8":{"start":{"line":12,"column":4},"end":{"line":12,"column":45}},"9":{"start":{"line":14,"column":2},"end":{"line":14,"column":31}},"10":{"start":{"line":17,"column":0},"end":{"line":21,"column":3}},"11":{"start":{"line":18,"column":16},"end":{"line":18,"column":51}},"12":{"start":{"line":19,"column":2},"end":{"line":19,"column":62}},"13":{"start":{"line":19,"column":14},"end":{"line":19,"column":62}},"14":{"start":{"line":20,"column":2},"end":{"line":20,"column":30}},"15":{"start":{"line":23,"column":0},"end":{"line":35,"column":3}},"16":{"start":{"line":24,"column":20},"end":{"line":24,"column":43}},"17":{"start":{"line":25,"column":2},"end":{"line":34,"column":3}},"18":{"start":{"line":26,"column":4},"end":{"line":26,"column":58}},"19":{"start":{"line":28,"column":18},"end":{"line":30,"column":6}},"20":{"start":{"line":32,"column":4},"end":{"line":32,"column":23}},"21":{"start":{"line":33,"column":4},"end":{"line":33,"column":32}},"22":{"start":{"line":36,"column":0},"end":{"line":54,"column":3}},"23":{"start":{"line":37,"column":20},"end":{"line":37,"column":43}},"24":{"start":{"line":38,"column":2},"end":{"line":53,"column":3}},"25":{"start":{"line":39,"column":4},"end":{"line":39,"column":58}},"26":{"start":{"line":41,"column":18},"end":{"line":47,"column":5}},"27":{"start":{"line":48,"column":4},"end":{"line":52,"column":5}},"28":{"start":{"line":49,"column":6},"end":{"line":49,"column":22}},"29":{"start":{"line":51,"column":6},"end":{"line":51,"column":46}},"30":{"start":{"line":56,"column":0},"end":{"line":63,"column":3}},"31":{"start":{"line":57,"column":16},"end":{"line":57,"column":69}},"32":{"start":{"line":58,"column":2},"end":{"line":62,"column":3}},"33":{"start":{"line":59,"column":4},"end":{"line":59,"column":20}},"34":{"start":{"line":61,"column":4},"end":{"line":61,"column":44}},"35":{"start":{"line":64,"column":0},"end":{"line":64,"column":24}}},"fnMap":{"0":{"name":"(anonymous_0)","decl":{"start":{"line":9,"column":16},"end":{"line":9,"column":17}},"loc":{"start":{"line":9,"column":36},"end":{"line":15,"column":1}},"line":9},"1":{"name":"(anonymous_1)","decl":{"start":{"line":17,"column":29},"end":{"line":17,"column":30}},"loc":{"start":{"line":17,"column":49},"end":{"line":21,"column":1}},"line":17},"2":{"name":"(anonymous_2)","decl":{"start":{"line":23,"column":23},"end":{"line":23,"column":24}},"loc":{"start":{"line":23,"column":43},"end":{"line":35,"column":1}},"line":23},"3":{"name":"(anonymous_3)","decl":{"start":{"line":36,"column":35},"end":{"line":36,"column":36}},"loc":{"start":{"line":36,"column":55},"end":{"line":54,"column":1}},"line":36},"4":{"name":"(anonymous_4)","decl":{"start":{"line":56,"column":45},"end":{"line":56,"column":46}},"loc":{"start":{"line":56,"column":65},"end":{"line":63,"column":1}},"line":56}},"branchMap":{"0":{"loc":{"start":{"line":11,"column":2},"end":{"line":13,"column":3}},"type":"if","locations":[{"start":{"line":11,"column":2},"end":{"line":13,"column":3}},{"start":{},"end":{}}],"line":11},"1":{"loc":{"start":{"line":11,"column":6},"end":{"line":11,"column":35}},"type":"binary-expr","locations":[{"start":{"line":11,"column":6},"end":{"line":11,"column":12}},{"start":{"line":11,"column":16},"end":{"line":11,"column":35}}],"line":11},"2":{"loc":{"start":{"line":19,"column":2},"end":{"line":19,"column":62}},"type":"if","locations":[{"start":{"line":19,"column":2},"end":{"line":19,"column":62}},{"start":{},"end":{}}],"line":19},"3":{"loc":{"start":{"line":25,"column":2},"end":{"line":34,"column":3}},"type":"if","locations":[{"start":{"line":25,"column":2},"end":{"line":34,"column":3}},{"start":{"line":27,"column":9},"end":{"line":34,"column":3}}],"line":25},"4":{"loc":{"start":{"line":38,"column":2},"end":{"line":53,"column":3}},"type":"if","locations":[{"start":{"line":38,"column":2},"end":{"line":53,"column":3}},{"start":{"line":40,"column":9},"end":{"line":53,"column":3}}],"line":38},"5":{"loc":{"start":{"line":48,"column":4},"end":{"line":52,"column":5}},"type":"if","locations":[{"start":{"line":48,"column":4},"end":{"line":52,"column":5}},{"start":{"line":50,"column":11},"end":{"line":52,"column":5}}],"line":48},"6":{"loc":{"start":{"line":58,"column":2},"end":{"line":62,"column":3}},"type":"if","locations":[{"start":{"line":58,"column":2},"end":{"line":62,"column":3}},{"start":{"line":60,"column":9},"end":{"line":62,"column":3}}],"line":58}},"s":{"0":7,"1":7,"2":7,"3":7,"4":7,"5":7,"6":2,"7":2,"8":1,"9":2,"10":7,"11":2,"12":2,"13":1,"14":1,"15":7,"16":5,"17":5,"18":2,"19":3,"20":3,"21":3,"22":7,"23":6,"24":6,"25":2,"26":4,"27":4,"28":2,"29":2,"30":7,"31":3,"32":3,"33":1,"34":2,"35":7},"f":{"0":2,"1":2,"2":5,"3":6,"4":3},"b":{"0":[1,1],"1":[2,2],"2":[1,1],"3":[2,3],"4":[2,4],"5":[2,2],"6":[1,2]},"_coverageSchema":"1a1c01bbd47fc00a2c39e90264f33305004495a9","hash":"0e3282c5fbda6895f85c5a12b6c942f77bc055f1"}
,"E:\\mudik\\node js\\movie_rental\\routes\\loginRoutes.js": {"path":"E:\\mudik\\node js\\movie_rental\\routes\\loginRoutes.js","statementMap":{"0":{"start":{"line":1,"column":15},"end":{"line":1,"column":42}},"1":{"start":{"line":3,"column":17},"end":{"line":3,"column":46}},"2":{"start":{"line":4,"column":15},"end":{"line":4,"column":32}},"3":{"start":{"line":5,"column":12},"end":{"line":5,"column":26}},"4":{"start":{"line":7,"column":27},"end":{"line":7,"column":61}},"5":{"start":{"line":8,"column":10},"end":{"line":8,"column":27}},"6":{"start":{"line":10,"column":0},"end":{"line":26,"column":3}},"7":{"start":{"line":11,"column":20},"end":{"line":11,"column":38}},"8":{"start":{"line":12,"column":2},"end":{"line":14,"column":3}},"9":{"start":{"line":13,"column":4},"end":{"line":13,"column":58}},"10":{"start":{"line":15,"column":15},"end":{"line":15,"column":60}},"11":{"start":{"line":16,"column":2},"end":{"line":18,"column":3}},"12":{"start":{"line":17,"column":4},"end":{"line":17,"column":61}},"13":{"start":{"line":19,"column":16},"end":{"line":19,"column":70}},"14":{"start":{"line":20,"column":2},"end":{"line":22,"column":3}},"15":{"start":{"line":21,"column":4},"end":{"line":21,"column":64}},"16":{"start":{"line":23,"column":16},"end":{"line":23,"column":35}},"17":{"start":{"line":25,"column":2},"end":{"line":25,"column":18}},"18":{"start":{"line":29,"column":17},"end":{"line":44,"column":4}},"19":{"start":{"line":45,"column":2},"end":{"line":45,"column":31}},"20":{"start":{"line":48,"column":0},"end":{"line":48,"column":24}}},"fnMap":{"0":{"name":"(anonymous_0)","decl":{"start":{"line":10,"column":17},"end":{"line":10,"column":18}},"loc":{"start":{"line":10,"column":37},"end":{"line":26,"column":1}},"line":10},"1":{"name":"validate","decl":{"start":{"line":28,"column":9},"end":{"line":28,"column":17}},"loc":{"start":{"line":28,"column":24},"end":{"line":46,"column":1}},"line":28}},"branchMap":{"0":{"loc":{"start":{"line":12,"column":2},"end":{"line":14,"column":3}},"type":"if","locations":[{"start":{"line":12,"column":2},"end":{"line":14,"column":3}},{"start":{},"end":{}}],"line":12},"1":{"loc":{"start":{"line":16,"column":2},"end":{"line":18,"column":3}},"type":"if","locations":[{"start":{"line":16,"column":2},"end":{"line":18,"column":3}},{"start":{},"end":{}}],"line":16},"2":{"loc":{"start":{"line":20,"column":2},"end":{"line":22,"column":3}},"type":"if","locations":[{"start":{"line":20,"column":2},"end":{"line":22,"column":3}},{"start":{},"end":{}}],"line":20}},"s":{"0":7,"1":7,"2":7,"3":7,"4":7,"5":7,"6":7,"7":4,"8":4,"9":1,"10":3,"11":3,"12":1,"13":2,"14":2,"15":1,"16":1,"17":1,"18":4,"19":4,"20":7},"f":{"0":4,"1":4},"b":{"0":[1,3],"1":[1,2],"2":[1,1]},"_coverageSchema":"1a1c01bbd47fc00a2c39e90264f33305004495a9","hash":"e9a2c577d7443a47980e5f9b70a7bbd0dfd16a6e"}
,"E:\\mudik\\node js\\movie_rental\\routes\\moviesRoutes.js": {"path":"E:\\mudik\\node js\\movie_rental\\routes\\moviesRoutes.js","statementMap":{"0":{"start":{"line":1,"column":15},"end":{"line":1,"column":42}},"1":{"start":{"line":4,"column":13},"end":{"line":4,"column":42}},"2":{"start":{"line":5,"column":14},"end":{"line":5,"column":44}},"3":{"start":{"line":6,"column":17},"end":{"line":6,"column":55}},"4":{"start":{"line":8,"column":33},"end":{"line":8,"column":64}},"5":{"start":{"line":10,"column":18},"end":{"line":10,"column":48}},"6":{"start":{"line":12,"column":0},"end":{"line":18,"column":3}},"7":{"start":{"line":13,"column":17},"end":{"line":13,"column":37}},"8":{"start":{"line":14,"column":2},"end":{"line":16,"column":3}},"9":{"start":{"line":15,"column":4},"end":{"line":15,"column":45}},"10":{"start":{"line":17,"column":2},"end":{"line":17,"column":31}},"11":{"start":{"line":20,"column":0},"end":{"line":24,"column":3}},"12":{"start":{"line":21,"column":16},"end":{"line":21,"column":51}},"13":{"start":{"line":22,"column":2},"end":{"line":22,"column":61}},"14":{"start":{"line":22,"column":14},"end":{"line":22,"column":61}},"15":{"start":{"line":23,"column":2},"end":{"line":23,"column":30}},"16":{"start":{"line":26,"column":0},"end":{"line":48,"column":3}},"17":{"start":{"line":27,"column":20},"end":{"line":27,"column":43}},"18":{"start":{"line":28,"column":2},"end":{"line":31,"column":3}},"19":{"start":{"line":29,"column":4},"end":{"line":29,"column":42}},"20":{"start":{"line":30,"column":4},"end":{"line":30,"column":58}},"21":{"start":{"line":33,"column":16},"end":{"line":33,"column":54}},"22":{"start":{"line":34,"column":2},"end":{"line":36,"column":3}},"23":{"start":{"line":35,"column":4},"end":{"line":35,"column":63}},"24":{"start":{"line":37,"column":16},"end":{"line":45,"column":4}},"25":{"start":{"line":46,"column":2},"end":{"line":46,"column":21}},"26":{"start":{"line":47,"column":2},"end":{"line":47,"column":18}},"27":{"start":{"line":50,"column":0},"end":{"line":78,"column":3}},"28":{"start":{"line":51,"column":16},"end":{"line":51,"column":54}},"29":{"start":{"line":52,"column":2},"end":{"line":52,"column":73}},"30":{"start":{"line":52,"column":14},"end":{"line":52,"column":73}},"31":{"start":{"line":53,"column":20},"end":{"line":53,"column":43}},"32":{"start":{"line":54,"column":2},"end":{"line":56,"column":3}},"33":{"start":{"line":55,"column":4},"end":{"line":55,"column":58}},"34":{"start":{"line":58,"column":16},"end":{"line":72,"column":3}},"35":{"start":{"line":73,"column":2},"end":{"line":77,"column":3}},"36":{"start":{"line":74,"column":4},"end":{"line":74,"column":32}},"37":{"start":{"line":76,"column":4},"end":{"line":76,"column":44}},"38":{"start":{"line":80,"column":0},"end":{"line":87,"column":3}},"39":{"start":{"line":81,"column":16},"end":{"line":81,"column":69}},"40":{"start":{"line":82,"column":2},"end":{"line":86,"column":3}},"41":{"start":{"line":83,"column":4},"end":{"line":83,"column":20}},"42":{"start":{"line":85,"column":4},"end":{"line":85,"column":44}},"43":{"start":{"line":88,"column":0},"end":{"line":88,"column":24}}},"fnMap":{"0":{"name":"(anonymous_0)","decl":{"start":{"line":12,"column":16},"end":{"line":12,"column":17}},"loc":{"start":{"line":12,"column":36},"end":{"line":18,"column":1}},"line":12},"1":{"name":"(anonymous_1)","decl":{"start":{"line":20,"column":29},"end":{"line":20,"column":30}},"loc":{"start":{"line":20,"column":49},"end":{"line":24,"column":1}},"line":20},"2":{"name":"(anonymous_2)","decl":{"start":{"line":26,"column":23},"end":{"line":26,"column":24}},"loc":{"start":{"line":26,"column":43},"end":{"line":48,"column":1}},"line":26},"3":{"name":"(anonymous_3)","decl":{"start":{"line":50,"column":35},"end":{"line":50,"column":36}},"loc":{"start":{"line":50,"column":55},"end":{"line":78,"column":1}},"line":50},"4":{"name":"(anonymous_4)","decl":{"start":{"line":80,"column":45},"end":{"line":80,"column":46}},"loc":{"start":{"line":80,"column":65},"end":{"line":87,"column":1}},"line":80}},"branchMap":{"0":{"loc":{"start":{"line":14,"column":2},"end":{"line":16,"column":3}},"type":"if","locations":[{"start":{"line":14,"column":2},"end":{"line":16,"column":3}},{"start":{},"end":{}}],"line":14},"1":{"loc":{"start":{"line":14,"column":6},"end":{"line":14,"column":35}},"type":"binary-expr","locations":[{"start":{"line":14,"column":6},"end":{"line":14,"column":12}},{"start":{"line":14,"column":16},"end":{"line":14,"column":35}}],"line":14},"2":{"loc":{"start":{"line":22,"column":2},"end":{"line":22,"column":61}},"type":"if","locations":[{"start":{"line":22,"column":2},"end":{"line":22,"column":61}},{"start":{},"end":{}}],"line":22},"3":{"loc":{"start":{"line":28,"column":2},"end":{"line":31,"column":3}},"type":"if","locations":[{"start":{"line":28,"column":2},"end":{"line":31,"column":3}},{"start":{},"end":{}}],"line":28},"4":{"loc":{"start":{"line":34,"column":2},"end":{"line":36,"column":3}},"type":"if","locations":[{"start":{"line":34,"column":2},"end":{"line":36,"column":3}},{"start":{},"end":{}}],"line":34},"5":{"loc":{"start":{"line":52,"column":2},"end":{"line":52,"column":73}},"type":"if","locations":[{"start":{"line":52,"column":2},"end":{"line":52,"column":73}},{"start":{},"end":{}}],"line":52},"6":{"loc":{"start":{"line":54,"column":2},"end":{"line":56,"column":3}},"type":"if","locations":[{"start":{"line":54,"column":2},"end":{"line":56,"column":3}},{"start":{},"end":{}}],"line":54},"7":{"loc":{"start":{"line":73,"column":2},"end":{"line":77,"column":3}},"type":"if","locations":[{"start":{"line":73,"column":2},"end":{"line":77,"column":3}},{"start":{"line":75,"column":9},"end":{"line":77,"column":3}}],"line":73},"8":{"loc":{"start":{"line":82,"column":2},"end":{"line":86,"column":3}},"type":"if","locations":[{"start":{"line":82,"column":2},"end":{"line":86,"column":3}},{"start":{"line":84,"column":9},"end":{"line":86,"column":3}}],"line":82}},"s":{"0":7,"1":7,"2":7,"3":7,"4":7,"5":7,"6":7,"7":2,"8":2,"9":1,"10":2,"11":7,"12":2,"13":2,"14":1,"15":1,"16":7,"17":13,"18":13,"19":4,"20":4,"21":9,"22":9,"23":0,"24":9,"25":9,"26":9,"27":7,"28":3,"29":3,"30":0,"31":3,"32":3,"33":2,"34":1,"35":1,"36":1,"37":0,"38":7,"39":1,"40":1,"41":1,"42":0,"43":7},"f":{"0":2,"1":2,"2":13,"3":3,"4":1},"b":{"0":[1,1],"1":[2,2],"2":[1,1],"3":[4,9],"4":[0,9],"5":[0,3],"6":[2,1],"7":[1,0],"8":[1,0]},"_coverageSchema":"1a1c01bbd47fc00a2c39e90264f33305004495a9","hash":"e11e0c77826380e25e7bd04a17555af6092dbc1b"}
,"E:\\mudik\\node js\\movie_rental\\routes\\rentalRoutes.js": {"path":"E:\\mudik\\node js\\movie_rental\\routes\\rentalRoutes.js","statementMap":{"0":{"start":{"line":1,"column":15},"end":{"line":1,"column":42}},"1":{"start":{"line":2,"column":18},"end":{"line":2,"column":49}},"2":{"start":{"line":4,"column":13},"end":{"line":4,"column":42}},"3":{"start":{"line":5,"column":14},"end":{"line":5,"column":44}},"4":{"start":{"line":6,"column":17},"end":{"line":6,"column":55}},"5":{"start":{"line":8,"column":21},"end":{"line":8,"column":54}},"6":{"start":{"line":10,"column":37},"end":{"line":10,"column":68}},"7":{"start":{"line":12,"column":0},"end":{"line":18,"column":3}},"8":{"start":{"line":13,"column":18},"end":{"line":13,"column":40}},"9":{"start":{"line":14,"column":2},"end":{"line":16,"column":3}},"10":{"start":{"line":15,"column":4},"end":{"line":15,"column":45}},"11":{"start":{"line":17,"column":2},"end":{"line":17,"column":32}},"12":{"start":{"line":20,"column":0},"end":{"line":24,"column":3}},"13":{"start":{"line":21,"column":17},"end":{"line":21,"column":54}},"14":{"start":{"line":22,"column":2},"end":{"line":22,"column":64}},"15":{"start":{"line":22,"column":15},"end":{"line":22,"column":64}},"16":{"start":{"line":23,"column":2},"end":{"line":23,"column":31}},"17":{"start":{"line":26,"column":0},"end":{"line":63,"column":3}},"18":{"start":{"line":27,"column":20},"end":{"line":27,"column":45}},"19":{"start":{"line":28,"column":2},"end":{"line":28,"column":67}},"20":{"start":{"line":28,"column":13},"end":{"line":28,"column":67}},"21":{"start":{"line":29,"column":16},"end":{"line":29,"column":54}},"22":{"start":{"line":30,"column":2},"end":{"line":30,"column":73}},"23":{"start":{"line":30,"column":14},"end":{"line":30,"column":73}},"24":{"start":{"line":31,"column":19},"end":{"line":31,"column":63}},"25":{"start":{"line":32,"column":2},"end":{"line":32,"column":79}},"26":{"start":{"line":32,"column":17},"end":{"line":32,"column":79}},"27":{"start":{"line":34,"column":2},"end":{"line":36,"column":3}},"28":{"start":{"line":35,"column":4},"end":{"line":35,"column":54}},"29":{"start":{"line":37,"column":17},"end":{"line":49,"column":4}},"30":{"start":{"line":50,"column":18},"end":{"line":50,"column":46}},"31":{"start":{"line":51,"column":2},"end":{"line":51,"column":29}},"32":{"start":{"line":52,"column":2},"end":{"line":62,"column":3}},"33":{"start":{"line":53,"column":4},"end":{"line":53,"column":24}},"34":{"start":{"line":54,"column":4},"end":{"line":54,"column":78}},"35":{"start":{"line":55,"column":4},"end":{"line":55,"column":32}},"36":{"start":{"line":56,"column":4},"end":{"line":56,"column":25}},"37":{"start":{"line":57,"column":4},"end":{"line":57,"column":21}},"38":{"start":{"line":59,"column":4},"end":{"line":59,"column":31}},"39":{"start":{"line":60,"column":4},"end":{"line":60,"column":25}},"40":{"start":{"line":61,"column":4},"end":{"line":61,"column":35}},"41":{"start":{"line":64,"column":0},"end":{"line":84,"column":3}},"42":{"start":{"line":65,"column":18},"end":{"line":65,"column":46}},"43":{"start":{"line":66,"column":2},"end":{"line":66,"column":29}},"44":{"start":{"line":67,"column":2},"end":{"line":83,"column":3}},"45":{"start":{"line":68,"column":19},"end":{"line":72,"column":5}},"46":{"start":{"line":73,"column":4},"end":{"line":75,"column":7}},"47":{"start":{"line":76,"column":4},"end":{"line":76,"column":32}},"48":{"start":{"line":77,"column":4},"end":{"line":77,"column":25}},"49":{"start":{"line":78,"column":4},"end":{"line":78,"column":37}},"50":{"start":{"line":80,"column":4},"end":{"line":80,"column":31}},"51":{"start":{"line":81,"column":4},"end":{"line":81,"column":25}},"52":{"start":{"line":82,"column":4},"end":{"line":82,"column":35}},"53":{"start":{"line":85,"column":0},"end":{"line":101,"column":3}},"54":{"start":{"line":86,"column":18},"end":{"line":86,"column":46}},"55":{"start":{"line":87,"column":2},"end":{"line":87,"column":29}},"56":{"start":{"line":88,"column":2},"end":{"line":100,"column":3}},"57":{"start":{"line":89,"column":19},"end":{"line":89,"column":74}},"58":{"start":{"line":90,"column":4},"end":{"line":92,"column":7}},"59":{"start":{"line":93,"column":4},"end":{"line":93,"column":32}},"60":{"start":{"line":94,"column":4},"end":{"line":94,"column":25}},"61":{"start":{"line":95,"column":4},"end":{"line":95,"column":36}},"62":{"start":{"line":97,"column":4},"end":{"line":97,"column":31}},"63":{"start":{"line":98,"column":4},"end":{"line":98,"column":25}},"64":{"start":{"line":99,"column":4},"end":{"line":99,"column":35}},"65":{"start":{"line":103,"column":0},"end":{"line":103,"column":24}}},"fnMap":{"0":{"name":"(anonymous_0)","decl":{"start":{"line":12,"column":16},"end":{"line":12,"column":17}},"loc":{"start":{"line":12,"column":36},"end":{"line":18,"column":1}},"line":12},"1":{"name":"(anonymous_1)","decl":{"start":{"line":20,"column":29},"end":{"line":20,"column":30}},"loc":{"start":{"line":20,"column":49},"end":{"line":24,"column":1}},"line":20},"2":{"name":"(anonymous_2)","decl":{"start":{"line":26,"column":23},"end":{"line":26,"column":24}},"loc":{"start":{"line":26,"column":43},"end":{"line":63,"column":1}},"line":26},"3":{"name":"(anonymous_3)","decl":{"start":{"line":64,"column":37},"end":{"line":64,"column":38}},"loc":{"start":{"line":64,"column":57},"end":{"line":84,"column":1}},"line":64},"4":{"name":"(anonymous_4)","decl":{"start":{"line":85,"column":45},"end":{"line":85,"column":46}},"loc":{"start":{"line":85,"column":65},"end":{"line":101,"column":1}},"line":85}},"branchMap":{"0":{"loc":{"start":{"line":14,"column":2},"end":{"line":16,"column":3}},"type":"if","locations":[{"start":{"line":14,"column":2},"end":{"line":16,"column":3}},{"start":{},"end":{}}],"line":14},"1":{"loc":{"start":{"line":14,"column":6},"end":{"line":14,"column":37}},"type":"binary-expr","locations":[{"start":{"line":14,"column":6},"end":{"line":14,"column":13}},{"start":{"line":14,"column":17},"end":{"line":14,"column":37}}],"line":14},"2":{"loc":{"start":{"line":22,"column":2},"end":{"line":22,"column":64}},"type":"if","locations":[{"start":{"line":22,"column":2},"end":{"line":22,"column":64}},{"start":{},"end":{}}],"line":22},"3":{"loc":{"start":{"line":28,"column":2},"end":{"line":28,"column":67}},"type":"if","locations":[{"start":{"line":28,"column":2},"end":{"line":28,"column":67}},{"start":{},"end":{}}],"line":28},"4":{"loc":{"start":{"line":30,"column":2},"end":{"line":30,"column":73}},"type":"if","locations":[{"start":{"line":30,"column":2},"end":{"line":30,"column":73}},{"start":{},"end":{}}],"line":30},"5":{"loc":{"start":{"line":32,"column":2},"end":{"line":32,"column":79}},"type":"if","locations":[{"start":{"line":32,"column":2},"end":{"line":32,"column":79}},{"start":{},"end":{}}],"line":32},"6":{"loc":{"start":{"line":34,"column":2},"end":{"line":36,"column":3}},"type":"if","locations":[{"start":{"line":34,"column":2},"end":{"line":36,"column":3}},{"start":{},"end":{}}],"line":34}},"s":{"0":7,"1":7,"2":7,"3":7,"4":7,"5":7,"6":7,"7":7,"8":2,"9":2,"10":1,"11":2,"12":7,"13":2,"14":2,"15":1,"16":1,"17":7,"18":6,"19":6,"20":0,"21":6,"22":6,"23":1,"24":5,"25":5,"26":1,"27":4,"28":1,"29":3,"30":3,"31":3,"32":3,"33":3,"34":3,"35":3,"36":3,"37":3,"38":0,"39":0,"40":0,"41":7,"42":3,"43":3,"44":3,"45":3,"46":3,"47":3,"48":3,"49":3,"50":0,"51":0,"52":0,"53":7,"54":2,"55":2,"56":2,"57":2,"58":2,"59":2,"60":2,"61":2,"62":0,"63":0,"64":0,"65":7},"f":{"0":2,"1":2,"2":6,"3":3,"4":2},"b":{"0":[1,1],"1":[2,2],"2":[1,1],"3":[0,6],"4":[1,5],"5":[1,4],"6":[1,3]},"_coverageSchema":"1a1c01bbd47fc00a2c39e90264f33305004495a9","hash":"b808cf5c540e688abd697b857141f4df6eba054b"}
,"E:\\mudik\\node js\\movie_rental\\routes\\userRoutes.js": {"path":"E:\\mudik\\node js\\movie_rental\\routes\\userRoutes.js","statementMap":{"0":{"start":{"line":1,"column":15},"end":{"line":1,"column":42}},"1":{"start":{"line":3,"column":13},"end":{"line":3,"column":42}},"2":{"start":{"line":4,"column":14},"end":{"line":4,"column":44}},"3":{"start":{"line":5,"column":17},"end":{"line":5,"column":55}},"4":{"start":{"line":7,"column":31},"end":{"line":7,"column":60}},"5":{"start":{"line":8,"column":15},"end":{"line":8,"column":32}},"6":{"start":{"line":9,"column":10},"end":{"line":9,"column":27}},"7":{"start":{"line":11,"column":0},"end":{"line":17,"column":3}},"8":{"start":{"line":12,"column":16},"end":{"line":12,"column":35}},"9":{"start":{"line":13,"column":2},"end":{"line":15,"column":3}},"10":{"start":{"line":14,"column":4},"end":{"line":14,"column":43}},"11":{"start":{"line":16,"column":2},"end":{"line":16,"column":30}},"12":{"start":{"line":18,"column":0},"end":{"line":22,"column":3}},"13":{"start":{"line":19,"column":15},"end":{"line":19,"column":58}},"14":{"start":{"line":20,"column":2},"end":{"line":20,"column":59}},"15":{"start":{"line":20,"column":13},"end":{"line":20,"column":59}},"16":{"start":{"line":21,"column":2},"end":{"line":21,"column":29}},"17":{"start":{"line":23,"column":0},"end":{"line":45,"column":3}},"18":{"start":{"line":24,"column":20},"end":{"line":24,"column":42}},"19":{"start":{"line":25,"column":2},"end":{"line":28,"column":3}},"20":{"start":{"line":26,"column":4},"end":{"line":26,"column":42}},"21":{"start":{"line":27,"column":4},"end":{"line":27,"column":58}},"22":{"start":{"line":29,"column":13},"end":{"line":29,"column":58}},"23":{"start":{"line":30,"column":2},"end":{"line":33,"column":3}},"24":{"start":{"line":31,"column":4},"end":{"line":31,"column":40}},"25":{"start":{"line":32,"column":4},"end":{"line":32,"column":64}},"26":{"start":{"line":34,"column":2},"end":{"line":39,"column":5}},"27":{"start":{"line":41,"column":15},"end":{"line":41,"column":39}},"28":{"start":{"line":42,"column":2},"end":{"line":42,"column":57}},"29":{"start":{"line":43,"column":2},"end":{"line":43,"column":20}},"30":{"start":{"line":44,"column":2},"end":{"line":44,"column":62}},"31":{"start":{"line":47,"column":0},"end":{"line":71,"column":3}},"32":{"start":{"line":48,"column":20},"end":{"line":48,"column":42}},"33":{"start":{"line":49,"column":2},"end":{"line":51,"column":3}},"34":{"start":{"line":50,"column":4},"end":{"line":50,"column":58}},"35":{"start":{"line":52,"column":15},"end":{"line":52,"column":39}},"36":{"start":{"line":53,"column":26},"end":{"line":53,"column":68}},"37":{"start":{"line":54,"column":15},"end":{"line":64,"column":3}},"38":{"start":{"line":66,"column":2},"end":{"line":70,"column":3}},"39":{"start":{"line":67,"column":4},"end":{"line":67,"column":76}},"40":{"start":{"line":69,"column":4},"end":{"line":69,"column":64}},"41":{"start":{"line":72,"column":0},"end":{"line":79,"column":3}},"42":{"start":{"line":73,"column":15},"end":{"line":73,"column":67}},"43":{"start":{"line":74,"column":2},"end":{"line":78,"column":3}},"44":{"start":{"line":75,"column":4},"end":{"line":75,"column":38}},"45":{"start":{"line":77,"column":4},"end":{"line":77,"column":64}},"46":{"start":{"line":81,"column":0},"end":{"line":81,"column":24}}},"fnMap":{"0":{"name":"(anonymous_0)","decl":{"start":{"line":11,"column":16},"end":{"line":11,"column":17}},"loc":{"start":{"line":11,"column":36},"end":{"line":17,"column":1}},"line":11},"1":{"name":"(anonymous_1)","decl":{"start":{"line":18,"column":29},"end":{"line":18,"column":30}},"loc":{"start":{"line":18,"column":49},"end":{"line":22,"column":1}},"line":18},"2":{"name":"(anonymous_2)","decl":{"start":{"line":23,"column":17},"end":{"line":23,"column":18}},"loc":{"start":{"line":23,"column":37},"end":{"line":45,"column":1}},"line":23},"3":{"name":"(anonymous_3)","decl":{"start":{"line":47,"column":19},"end":{"line":47,"column":20}},"loc":{"start":{"line":47,"column":39},"end":{"line":71,"column":1}},"line":47},"4":{"name":"(anonymous_4)","decl":{"start":{"line":72,"column":32},"end":{"line":72,"column":33}},"loc":{"start":{"line":72,"column":52},"end":{"line":79,"column":1}},"line":72}},"branchMap":{"0":{"loc":{"start":{"line":13,"column":2},"end":{"line":15,"column":3}},"type":"if","locations":[{"start":{"line":13,"column":2},"end":{"line":15,"column":3}},{"start":{},"end":{}}],"line":13},"1":{"loc":{"start":{"line":13,"column":6},"end":{"line":13,"column":33}},"type":"binary-expr","locations":[{"start":{"line":13,"column":6},"end":{"line":13,"column":11}},{"start":{"line":13,"column":15},"end":{"line":13,"column":33}}],"line":13},"2":{"loc":{"start":{"line":20,"column":2},"end":{"line":20,"column":59}},"type":"if","locations":[{"start":{"line":20,"column":2},"end":{"line":20,"column":59}},{"start":{},"end":{}}],"line":20},"3":{"loc":{"start":{"line":25,"column":2},"end":{"line":28,"column":3}},"type":"if","locations":[{"start":{"line":25,"column":2},"end":{"line":28,"column":3}},{"start":{},"end":{}}],"line":25},"4":{"loc":{"start":{"line":30,"column":2},"end":{"line":33,"column":3}},"type":"if","locations":[{"start":{"line":30,"column":2},"end":{"line":33,"column":3}},{"start":{},"end":{}}],"line":30},"5":{"loc":{"start":{"line":49,"column":2},"end":{"line":51,"column":3}},"type":"if","locations":[{"start":{"line":49,"column":2},"end":{"line":51,"column":3}},{"start":{},"end":{}}],"line":49},"6":{"loc":{"start":{"line":66,"column":2},"end":{"line":70,"column":3}},"type":"if","locations":[{"start":{"line":66,"column":2},"end":{"line":70,"column":3}},{"start":{"line":68,"column":9},"end":{"line":70,"column":3}}],"line":66},"7":{"loc":{"start":{"line":74,"column":2},"end":{"line":78,"column":3}},"type":"if","locations":[{"start":{"line":74,"column":2},"end":{"line":78,"column":3}},{"start":{"line":76,"column":9},"end":{"line":78,"column":3}}],"line":74}},"s":{"0":7,"1":7,"2":7,"3":7,"4":7,"5":7,"6":7,"7":7,"8":2,"9":2,"10":1,"11":2,"12":7,"13":2,"14":2,"15":1,"16":1,"17":7,"18":7,"19":7,"20":3,"21":3,"22":4,"23":4,"24":1,"25":1,"26":3,"27":3,"28":3,"29":3,"30":3,"31":7,"32":5,"33":5,"34":4,"35":1,"36":1,"37":1,"38":1,"39":1,"40":0,"41":7,"42":1,"43":1,"44":1,"45":0,"46":7},"f":{"0":2,"1":2,"2":7,"3":5,"4":1},"b":{"0":[1,1],"1":[2,2],"2":[1,1],"3":[3,4],"4":[1,3],"5":[4,1],"6":[1,0],"7":[1,0]},"_coverageSchema":"1a1c01bbd47fc00a2c39e90264f33305004495a9","hash":"438ce08d19867d984a1ca22853d908e6bcd7852b"}
,"E:\\mudik\\node js\\movie_rental\\startup\\config.js": {"path":"E:\\mudik\\node js\\movie_rental\\startup\\config.js","statementMap":{"0":{"start":{"line":1,"column":15},"end":{"line":1,"column":32}},"1":{"start":{"line":2,"column":0},"end":{"line":7,"column":2}},"2":{"start":{"line":3,"column":2},"end":{"line":6,"column":3}},"3":{"start":{"line":4,"column":4},"end":{"line":4,"column":59}},"4":{"start":{"line":5,"column":4},"end":{"line":5,"column":20}}},"fnMap":{"0":{"name":"(anonymous_0)","decl":{"start":{"line":2,"column":17},"end":{"line":2,"column":18}},"loc":{"start":{"line":2,"column":29},"end":{"line":7,"column":1}},"line":2}},"branchMap":{"0":{"loc":{"start":{"line":3,"column":2},"end":{"line":6,"column":3}},"type":"if","locations":[{"start":{"line":3,"column":2},"end":{"line":6,"column":3}},{"start":{},"end":{}}],"line":3}},"s":{"0":7,"1":7,"2":7,"3":0,"4":0},"f":{"0":7},"b":{"0":[0,7]},"_coverageSchema":"1a1c01bbd47fc00a2c39e90264f33305004495a9","hash":"d2d7c977bc27c174de4b4ecaa62317de580e3281"}
,"E:\\mudik\\node js\\movie_rental\\startup\\db.js": {"path":"E:\\mudik\\node js\\movie_rental\\startup\\db.js","statementMap":{"0":{"start":{"line":1,"column":15},"end":{"line":1,"column":32}},"1":{"start":{"line":2,"column":17},"end":{"line":2,"column":36}},"2":{"start":{"line":4,"column":0},"end":{"line":11,"column":2}},"3":{"start":{"line":5,"column":2},"end":{"line":9,"column":6}},"4":{"start":{"line":8,"column":6},"end":{"line":8,"column":73}}},"fnMap":{"0":{"name":"(anonymous_0)","decl":{"start":{"line":4,"column":17},"end":{"line":4,"column":18}},"loc":{"start":{"line":4,"column":29},"end":{"line":11,"column":1}},"line":4},"1":{"name":"(anonymous_1)","decl":{"start":{"line":7,"column":10},"end":{"line":7,"column":11}},"loc":{"start":{"line":8,"column":6},"end":{"line":8,"column":73}},"line":8}},"branchMap":{},"s":{"0":7,"1":7,"2":7,"3":7,"4":7},"f":{"0":7,"1":7},"b":{},"_coverageSchema":"1a1c01bbd47fc00a2c39e90264f33305004495a9","hash":"6ac81d62501756973ec0053229b22f912010ce74"}
,"E:\\mudik\\node js\\movie_rental\\startup\\logging.js": {"path":"E:\\mudik\\node js\\movie_rental\\startup\\logging.js","statementMap":{"0":{"start":{"line":1,"column":16},"end":{"line":1,"column":34}},"1":{"start":{"line":2,"column":0},"end":{"line":2,"column":32}},"2":{"start":{"line":3,"column":0},"end":{"line":18,"column":2}},"3":{"start":{"line":4,"column":2},"end":{"line":9,"column":5}},"4":{"start":{"line":10,"column":2},"end":{"line":13,"column":5}},"5":{"start":{"line":11,"column":4},"end":{"line":11,"column":70}},"6":{"start":{"line":12,"column":4},"end":{"line":12,"column":20}},"7":{"start":{"line":14,"column":2},"end":{"line":17,"column":5}},"8":{"start":{"line":15,"column":4},"end":{"line":15,"column":71}},"9":{"start":{"line":16,"column":4},"end":{"line":16,"column":20}}},"fnMap":{"0":{"name":"(anonymous_0)","decl":{"start":{"line":3,"column":17},"end":{"line":3,"column":18}},"loc":{"start":{"line":3,"column":29},"end":{"line":18,"column":1}},"line":3},"1":{"name":"(anonymous_1)","decl":{"start":{"line":10,"column":34},"end":{"line":10,"column":35}},"loc":{"start":{"line":10,"column":48},"end":{"line":13,"column":3}},"line":10},"2":{"name":"(anonymous_2)","decl":{"start":{"line":14,"column":35},"end":{"line":14,"column":36}},"loc":{"start":{"line":14,"column":49},"end":{"line":17,"column":3}},"line":14}},"branchMap":{},"s":{"0":7,"1":7,"2":7,"3":7,"4":7,"5":0,"6":0,"7":7,"8":0,"9":0},"f":{"0":7,"1":0,"2":0},"b":{},"_coverageSchema":"1a1c01bbd47fc00a2c39e90264f33305004495a9","hash":"6d3aa3ab8aa4e6db98d7b0df78aa2d81793aa51f"}
,"E:\\mudik\\node js\\movie_rental\\startup\\routes.js": {"path":"E:\\mudik\\node js\\movie_rental\\startup\\routes.js","statementMap":{"0":{"start":{"line":1,"column":20},"end":{"line":1,"column":52}},"1":{"start":{"line":2,"column":19},"end":{"line":2,"column":50}},"2":{"start":{"line":3,"column":20},"end":{"line":3,"column":52}},"3":{"start":{"line":4,"column":23},"end":{"line":4,"column":58}},"4":{"start":{"line":5,"column":20},"end":{"line":5,"column":53}},"5":{"start":{"line":6,"column":21},"end":{"line":6,"column":54}},"6":{"start":{"line":7,"column":14},"end":{"line":7,"column":44}},"7":{"start":{"line":8,"column":16},"end":{"line":8,"column":34}},"8":{"start":{"line":10,"column":0},"end":{"line":19,"column":2}},"9":{"start":{"line":11,"column":2},"end":{"line":11,"column":26}},"10":{"start":{"line":12,"column":2},"end":{"line":12,"column":36}},"11":{"start":{"line":13,"column":2},"end":{"line":13,"column":38}},"12":{"start":{"line":14,"column":2},"end":{"line":14,"column":44}},"13":{"start":{"line":15,"column":2},"end":{"line":15,"column":38}},"14":{"start":{"line":16,"column":2},"end":{"line":16,"column":40}},"15":{"start":{"line":17,"column":2},"end":{"line":17,"column":37}},"16":{"start":{"line":18,"column":2},"end":{"line":18,"column":17}}},"fnMap":{"0":{"name":"(anonymous_0)","decl":{"start":{"line":10,"column":17},"end":{"line":10,"column":18}},"loc":{"start":{"line":10,"column":32},"end":{"line":19,"column":1}},"line":10}},"branchMap":{},"s":{"0":7,"1":7,"2":7,"3":7,"4":7,"5":7,"6":7,"7":7,"8":7,"9":7,"10":7,"11":7,"12":7,"13":7,"14":7,"15":7,"16":7},"f":{"0":7},"b":{},"_coverageSchema":"1a1c01bbd47fc00a2c39e90264f33305004495a9","hash":"f26690cf4143cbbfb9313c7b6e6907ad659001ae"}
}
