TN:
SF:index.js
FNF:0
FNH:0
DA:1,7
DA:2,7
DA:5,7
DA:6,7
DA:7,7
DA:8,7
DA:10,7
DA:11,0
DA:14,7
LF:9
LH:8
BRDA:10,0,0,0
BRDA:10,0,1,7
BRF:2
BRH:1
end_of_record
TN:
SF:middleware\admin.js
FN:1,(anonymous_0)
FNF:1
FNH:1
FNDA:13,(anonymous_0)
DA:1,7
DA:2,13
DA:3,13
DA:4,4
DA:5,4
DA:7,9
DA:10,0
LF:7
LH:6
BRDA:3,0,0,4
BRDA:3,0,1,9
BRF:2
BRH:2
end_of_record
TN:
SF:middleware\auth.js
FN:4,(anonymous_0)
FNF:1
FNH:1
FNDA:77,(anonymous_0)
DA:1,7
DA:2,7
DA:4,7
DA:5,77
DA:6,77
DA:7,9
DA:9,68
DA:10,68
DA:11,64
DA:12,64
DA:14,4
LF:11
LH:11
BRDA:6,0,0,9
BRDA:6,0,1,68
BRF:2
BRH:2
end_of_record
TN:
SF:middleware\error.js
FN:3,(anonymous_0)
FNF:1
FNH:1
FNDA:5,(anonymous_0)
DA:1,7
DA:3,7
DA:4,5
DA:5,5
DA:6,5
LF:5
LH:5
BRDA:4,0,0,5
BRDA:4,0,1,0
BRF:2
BRH:1
end_of_record
TN:
SF:middleware\validateObjId.js
FN:2,(anonymous_0)
FNF:1
FNH:1
FNDA:66,(anonymous_0)
DA:1,7
DA:2,7
DA:3,66
DA:4,66
DA:5,66
DA:6,18
DA:8,48
DA:10,0
DA:11,0
LF:9
LH:7
BRDA:5,0,0,18
BRDA:5,0,1,48
BRF:2
BRH:2
end_of_record
TN:
SF:model\customerModel.js
FN:24,validateCustomer
FNF:1
FNH:1
FNDA:14,validateCustomer
DA:1,7
DA:2,7
DA:4,7
DA:22,7
DA:25,14
DA:30,14
DA:33,7
DA:34,7
LF:8
LH:8
BRF:0
BRH:0
end_of_record
TN:
SF:model\genreModel.js
FN:13,validateGenre
FNF:1
FNH:1
FNDA:11,validateGenre
DA:1,7
DA:2,7
DA:3,7
DA:11,7
DA:14,11
DA:17,11
DA:20,7
DA:21,7
DA:22,7
LF:9
LH:9
BRF:0
BRH:0
end_of_record
TN:
SF:model\moviesModel.js
FN:32,validateMovie
FNF:1
FNH:1
FNDA:16,validateMovie
DA:1,7
DA:2,7
DA:3,7
DA:4,7
DA:6,7
DA:30,7
DA:33,16
DA:39,16
DA:42,7
DA:43,7
LF:10
LH:10
BRF:0
BRH:0
end_of_record
TN:
SF:model\rentalModel.js
FN:55,validateRentals
FNF:1
FNH:1
FNDA:6,validateRentals
DA:1,7
DA:2,7
DA:4,7
DA:6,7
DA:53,7
DA:56,6
DA:60,6
DA:63,7
DA:64,7
LF:9
LH:9
BRF:0
BRH:0
end_of_record
TN:
SF:model\userModel.js
FN:32,(anonymous_0)
FN:44,validateUser
FNF:2
FNH:2
FNDA:63,(anonymous_0)
FNDA:12,validateUser
DA:1,8
DA:2,8
DA:3,8
DA:4,8
DA:5,8
DA:7,8
DA:32,8
DA:33,63
DA:42,8
DA:45,12
DA:63,12
DA:66,8
DA:67,8
DA:68,8
DA:69,8
LF:15
LH:15
BRF:0
BRH:0
end_of_record
TN:
SF:routes\customerRoutes.js
FN:9,(anonymous_0)
FN:17,(anonymous_1)
FN:23,(anonymous_2)
FN:42,(anonymous_3)
FN:66,(anonymous_4)
FNF:5
FNH:5
FNDA:2,(anonymous_0)
FNDA:2,(anonymous_1)
FNDA:6,(anonymous_2)
FNDA:8,(anonymous_3)
FNDA:3,(anonymous_4)
DA:1,7
DA:3,7
DA:4,7
DA:5,7
DA:7,7
DA:9,7
DA:10,2
DA:11,2
DA:12,1
DA:14,2
DA:17,7
DA:18,2
DA:19,2
DA:20,1
DA:23,7
DA:24,6
DA:30,6
DA:31,6
DA:32,0
DA:34,6
DA:35,6
DA:36,4
DA:38,2
DA:39,2
DA:42,7
DA:43,8
DA:44,8
DA:45,4
DA:47,4
DA:58,4
DA:59,2
DA:61,2
DA:66,7
DA:67,3
DA:68,3
DA:69,2
DA:71,1
DA:74,7
LF:38
LH:37
BRDA:11,0,0,1
BRDA:11,0,1,1
BRDA:11,1,0,2
BRDA:11,1,1,2
BRDA:19,2,0,1
BRDA:19,2,1,1
BRDA:31,3,0,0
BRDA:31,3,1,6
BRDA:35,4,0,4
BRDA:35,4,1,2
BRDA:44,5,0,4
BRDA:44,5,1,4
BRDA:58,6,0,2
BRDA:58,6,1,2
BRDA:68,7,0,2
BRDA:68,7,1,1
BRF:16
BRH:15
end_of_record
TN:
SF:routes\genreRoutes.js
FN:9,(anonymous_0)
FN:17,(anonymous_1)
FN:23,(anonymous_2)
FN:36,(anonymous_3)
FN:56,(anonymous_4)
FNF:5
FNH:5
FNDA:2,(anonymous_0)
FNDA:2,(anonymous_1)
FNDA:5,(anonymous_2)
FNDA:6,(anonymous_3)
FNDA:3,(anonymous_4)
DA:1,7
DA:3,7
DA:4,7
DA:5,7
DA:7,7
DA:9,7
DA:10,2
DA:11,2
DA:12,1
DA:14,2
DA:17,7
DA:18,2
DA:19,2
DA:20,1
DA:23,7
DA:24,5
DA:25,5
DA:26,2
DA:28,3
DA:32,3
DA:33,3
DA:36,7
DA:37,6
DA:38,6
DA:39,2
DA:41,4
DA:48,4
DA:49,2
DA:51,2
DA:56,7
DA:57,3
DA:58,3
DA:59,1
DA:61,2
DA:64,7
LF:35
LH:35
BRDA:11,0,0,1
BRDA:11,0,1,1
BRDA:11,1,0,2
BRDA:11,1,1,2
BRDA:19,2,0,1
BRDA:19,2,1,1
BRDA:25,3,0,2
BRDA:25,3,1,3
BRDA:38,4,0,2
BRDA:38,4,1,4
BRDA:48,5,0,2
BRDA:48,5,1,2
BRDA:58,6,0,1
BRDA:58,6,1,2
BRF:14
BRH:14
end_of_record
TN:
SF:routes\loginRoutes.js
FN:10,(anonymous_0)
FN:28,validate
FNF:2
FNH:2
FNDA:4,(anonymous_0)
FNDA:4,validate
DA:1,7
DA:3,7
DA:4,7
DA:5,7
DA:7,7
DA:8,7
DA:10,7
DA:11,4
DA:12,4
DA:13,1
DA:15,3
DA:16,3
DA:17,1
DA:19,2
DA:20,2
DA:21,1
DA:23,1
DA:25,1
DA:29,4
DA:45,4
DA:48,7
LF:21
LH:21
BRDA:12,0,0,1
BRDA:12,0,1,3
BRDA:16,1,0,1
BRDA:16,1,1,2
BRDA:20,2,0,1
BRDA:20,2,1,1
BRF:6
BRH:6
end_of_record
TN:
SF:routes\moviesRoutes.js
FN:12,(anonymous_0)
FN:20,(anonymous_1)
FN:26,(anonymous_2)
FN:50,(anonymous_3)
FN:80,(anonymous_4)
FNF:5
FNH:5
FNDA:2,(anonymous_0)
FNDA:2,(anonymous_1)
FNDA:13,(anonymous_2)
FNDA:3,(anonymous_3)
FNDA:1,(anonymous_4)
DA:1,7
DA:4,7
DA:5,7
DA:6,7
DA:8,7
DA:10,7
DA:12,7
DA:13,2
DA:14,2
DA:15,1
DA:17,2
DA:20,7
DA:21,2
DA:22,2
DA:23,1
DA:26,7
DA:27,13
DA:28,13
DA:29,4
DA:30,4
DA:33,9
DA:34,9
DA:35,0
DA:37,9
DA:46,9
DA:47,9
DA:50,7
DA:51,3
DA:52,3
DA:53,3
DA:54,3
DA:55,2
DA:58,1
DA:73,1
DA:74,1
DA:76,0
DA:80,7
DA:81,1
DA:82,1
DA:83,1
DA:85,0
DA:88,7
LF:42
LH:39
BRDA:14,0,0,1
BRDA:14,0,1,1
BRDA:14,1,0,2
BRDA:14,1,1,2
BRDA:22,2,0,1
BRDA:22,2,1,1
BRDA:28,3,0,4
BRDA:28,3,1,9
BRDA:34,4,0,0
BRDA:34,4,1,9
BRDA:52,5,0,0
BRDA:52,5,1,3
BRDA:54,6,0,2
BRDA:54,6,1,1
BRDA:73,7,0,1
BRDA:73,7,1,0
BRDA:82,8,0,1
BRDA:82,8,1,0
BRF:18
BRH:14
end_of_record
TN:
SF:routes\rentalRoutes.js
FN:12,(anonymous_0)
FN:20,(anonymous_1)
FN:26,(anonymous_2)
FN:64,(anonymous_3)
FN:85,(anonymous_4)
FNF:5
FNH:5
FNDA:2,(anonymous_0)
FNDA:2,(anonymous_1)
FNDA:6,(anonymous_2)
FNDA:3,(anonymous_3)
FNDA:2,(anonymous_4)
DA:1,7
DA:2,7
DA:4,7
DA:5,7
DA:6,7
DA:8,7
DA:10,7
DA:12,7
DA:13,2
DA:14,2
DA:15,1
DA:17,2
DA:20,7
DA:21,2
DA:22,2
DA:23,1
DA:26,7
DA:27,6
DA:28,6
DA:29,6
DA:30,6
DA:31,5
DA:32,5
DA:34,4
DA:35,1
DA:37,3
DA:50,3
DA:51,3
DA:52,3
DA:53,3
DA:54,3
DA:55,3
DA:56,3
DA:57,3
DA:59,0
DA:60,0
DA:61,0
DA:64,7
DA:65,3
DA:66,3
DA:67,3
DA:68,3
DA:73,3
DA:76,3
DA:77,3
DA:78,3
DA:80,0
DA:81,0
DA:82,0
DA:85,7
DA:86,2
DA:87,2
DA:88,2
DA:89,2
DA:90,2
DA:93,2
DA:94,2
DA:95,2
DA:97,0
DA:98,0
DA:99,0
DA:103,7
LF:62
LH:53
BRDA:14,0,0,1
BRDA:14,0,1,1
BRDA:14,1,0,2
BRDA:14,1,1,2
BRDA:22,2,0,1
BRDA:22,2,1,1
BRDA:28,3,0,0
BRDA:28,3,1,6
BRDA:30,4,0,1
BRDA:30,4,1,5
BRDA:32,5,0,1
BRDA:32,5,1,4
BRDA:34,6,0,1
BRDA:34,6,1,3
BRF:14
BRH:13
end_of_record
TN:
SF:routes\userRoutes.js
FN:11,(anonymous_0)
FN:18,(anonymous_1)
FN:23,(anonymous_2)
FN:47,(anonymous_3)
FN:72,(anonymous_4)
FNF:5
FNH:5
FNDA:2,(anonymous_0)
FNDA:2,(anonymous_1)
FNDA:7,(anonymous_2)
FNDA:5,(anonymous_3)
FNDA:1,(anonymous_4)
DA:1,7
DA:3,7
DA:4,7
DA:5,7
DA:7,7
DA:8,7
DA:9,7
DA:11,7
DA:12,2
DA:13,2
DA:14,1
DA:16,2
DA:18,7
DA:19,2
DA:20,2
DA:21,1
DA:23,7
DA:24,7
DA:25,7
DA:26,3
DA:27,3
DA:29,4
DA:30,4
DA:31,1
DA:32,1
DA:34,3
DA:41,3
DA:42,3
DA:43,3
DA:44,3
DA:47,7
DA:48,5
DA:49,5
DA:50,4
DA:52,1
DA:53,1
DA:54,1
DA:66,1
DA:67,1
DA:69,0
DA:72,7
DA:73,1
DA:74,1
DA:75,1
DA:77,0
DA:81,7
LF:46
LH:44
BRDA:13,0,0,1
BRDA:13,0,1,1
BRDA:13,1,0,2
BRDA:13,1,1,2
BRDA:20,2,0,1
BRDA:20,2,1,1
BRDA:25,3,0,3
BRDA:25,3,1,4
BRDA:30,4,0,1
BRDA:30,4,1,3
BRDA:49,5,0,4
BRDA:49,5,1,1
BRDA:66,6,0,1
BRDA:66,6,1,0
BRDA:74,7,0,1
BRDA:74,7,1,0
BRF:16
BRH:14
end_of_record
TN:
SF:startup\config.js
FN:2,(anonymous_0)
FNF:1
FNH:1
FNDA:7,(anonymous_0)
DA:1,7
DA:2,7
DA:3,7
DA:4,0
DA:5,0
LF:5
LH:3
BRDA:3,0,0,0
BRDA:3,0,1,7
BRF:2
BRH:1
end_of_record
TN:
SF:startup\db.js
FN:4,(anonymous_0)
FN:7,(anonymous_1)
FNF:2
FNH:2
FNDA:7,(anonymous_0)
FNDA:7,(anonymous_1)
DA:1,7
DA:2,7
DA:4,7
DA:5,7
DA:8,7
LF:5
LH:5
BRF:0
BRH:0
end_of_record
TN:
SF:startup\logging.js
FN:3,(anonymous_0)
FN:10,(anonymous_1)
FN:14,(anonymous_2)
FNF:3
FNH:1
FNDA:7,(anonymous_0)
FNDA:0,(anonymous_1)
FNDA:0,(anonymous_2)
DA:1,7
DA:2,7
DA:3,7
DA:4,7
DA:10,7
DA:11,0
DA:12,0
DA:14,7
DA:15,0
DA:16,0
LF:10
LH:6
BRF:0
BRH:0
end_of_record
TN:
SF:startup\routes.js
FN:10,(anonymous_0)
FNF:1
FNH:1
FNDA:7,(anonymous_0)
DA:1,7
DA:2,7
DA:3,7
DA:4,7
DA:5,7
DA:6,7
DA:7,7
DA:8,7
DA:10,7
DA:11,7
DA:12,7
DA:13,7
DA:14,7
DA:15,7
DA:16,7
DA:17,7
DA:18,7
LF:17
LH:17
BRF:0
BRH:0
end_of_record
